[debug] [2023-12-05T00:23:01.249Z] ----------------------------------------------------------------------
[debug] [2023-12-05T00:23:01.250Z] Command:       C:\Program Files\nodejs\node.exe C:\Users\Nicky Ly\AppData\Roaming\npm\node_modules\firebase-tools\lib\bin\firebase.js deploy --debug
[debug] [2023-12-05T00:23:01.251Z] CLI Version:   12.9.1
[debug] [2023-12-05T00:23:01.251Z] Platform:      win32
[debug] [2023-12-05T00:23:01.251Z] Node Version:  v18.5.0
[debug] [2023-12-05T00:23:01.252Z] Time:          Mon Dec 04 2023 19:23:01 GMT-0500 (Eastern Standard Time)
[debug] [2023-12-05T00:23:01.252Z] ----------------------------------------------------------------------
[debug] 
[debug] [2023-12-05T00:23:01.323Z] > command requires scopes: ["email","openid","https://www.googleapis.com/auth/cloudplatformprojects.readonly","https://www.googleapis.com/auth/firebase","https://www.googleapis.com/auth/cloud-platform"]
[debug] [2023-12-05T00:23:01.325Z] > authorizing via signed-in user (ly451462@gmail.com)
[debug] [2023-12-05T00:23:01.325Z] [iam] checking project roboticstest-3544 for permissions ["cloudfunctions.functions.create","cloudfunctions.functions.delete","cloudfunctions.functions.get","cloudfunctions.functions.list","cloudfunctions.functions.update","cloudfunctions.operations.get","firebase.projects.get","firebasehosting.sites.update","firebaserules.releases.create","firebaserules.releases.update","firebaserules.rulesets.create"]
[debug] [2023-12-05T00:23:01.327Z] >>> [apiv2][query] POST https://cloudresourcemanager.googleapis.com/v1/projects/roboticstest-3544:testIamPermissions [none]
[debug] [2023-12-05T00:23:01.327Z] >>> [apiv2][(partial)header] POST https://cloudresourcemanager.googleapis.com/v1/projects/roboticstest-3544:testIamPermissions x-goog-quota-user=projects/roboticstest-3544
[debug] [2023-12-05T00:23:01.328Z] >>> [apiv2][body] POST https://cloudresourcemanager.googleapis.com/v1/projects/roboticstest-3544:testIamPermissions {"permissions":["cloudfunctions.functions.create","cloudfunctions.functions.delete","cloudfunctions.functions.get","cloudfunctions.functions.list","cloudfunctions.functions.update","cloudfunctions.operations.get","firebase.projects.get","firebasehosting.sites.update","firebaserules.releases.create","firebaserules.releases.update","firebaserules.rulesets.create"]}
[debug] [2023-12-05T00:23:01.533Z] <<< [apiv2][status] POST https://cloudresourcemanager.googleapis.com/v1/projects/roboticstest-3544:testIamPermissions 200
[debug] [2023-12-05T00:23:01.534Z] <<< [apiv2][body] POST https://cloudresourcemanager.googleapis.com/v1/projects/roboticstest-3544:testIamPermissions {"permissions":["cloudfunctions.functions.create","cloudfunctions.functions.delete","cloudfunctions.functions.get","cloudfunctions.functions.list","cloudfunctions.functions.update","cloudfunctions.operations.get","firebase.projects.get","firebasehosting.sites.update","firebaserules.releases.create","firebaserules.releases.update","firebaserules.rulesets.create"]}
[debug] [2023-12-05T00:23:01.534Z] >>> [apiv2][query] POST https://iam.googleapis.com/v1/projects/roboticstest-3544/serviceAccounts/roboticstest-3544@appspot.gserviceaccount.com:testIamPermissions [none]
[debug] [2023-12-05T00:23:01.535Z] >>> [apiv2][body] POST https://iam.googleapis.com/v1/projects/roboticstest-3544/serviceAccounts/roboticstest-3544@appspot.gserviceaccount.com:testIamPermissions {"permissions":["iam.serviceAccounts.actAs"]}
[debug] [2023-12-05T00:23:01.690Z] <<< [apiv2][status] POST https://iam.googleapis.com/v1/projects/roboticstest-3544/serviceAccounts/roboticstest-3544@appspot.gserviceaccount.com:testIamPermissions 200
[debug] [2023-12-05T00:23:01.691Z] <<< [apiv2][body] POST https://iam.googleapis.com/v1/projects/roboticstest-3544/serviceAccounts/roboticstest-3544@appspot.gserviceaccount.com:testIamPermissions {"permissions":["iam.serviceAccounts.actAs"]}
[debug] [2023-12-05T00:23:01.692Z] >>> [apiv2][query] GET https://firebase.googleapis.com/v1beta1/projects/roboticstest-3544 [none]
[debug] [2023-12-05T00:23:02.172Z] <<< [apiv2][status] GET https://firebase.googleapis.com/v1beta1/projects/roboticstest-3544 200
[debug] [2023-12-05T00:23:02.173Z] <<< [apiv2][body] GET https://firebase.googleapis.com/v1beta1/projects/roboticstest-3544 {"projectId":"roboticstest-3544","projectNumber":"549714994349","displayName":"roboticsTest","name":"projects/roboticstest-3544","resources":{"hostingSite":"roboticstest-3544","realtimeDatabaseInstance":"roboticstest-3544-default-rtdb","locationId":"northamerica-northeast1"},"state":"ACTIVE","etag":"1_33af7049-cfe5-409f-a88c-5675f40fb158"}
[debug] [2023-12-05T00:23:05.608Z] >>> [apiv2][query] GET https://firebasehosting.googleapis.com/v1beta1/projects/roboticstest-3544/sites pageToken=&pageSize=10
[debug] [2023-12-05T00:23:06.299Z] <<< [apiv2][status] GET https://firebasehosting.googleapis.com/v1beta1/projects/roboticstest-3544/sites 200
[debug] [2023-12-05T00:23:06.300Z] <<< [apiv2][body] GET https://firebasehosting.googleapis.com/v1beta1/projects/roboticstest-3544/sites {"sites":[{"name":"projects/roboticstest-3544/sites/roboticstest-3544","defaultUrl":"https://roboticstest-3544.web.app","appId":"1:549714994349:web:5b5deebdda673ea68b1224","type":"DEFAULT_SITE"}]}
[debug] [2023-12-05T00:23:06.301Z] >>> [apiv2][query] GET https://firebase.googleapis.com/v1beta1/projects/-/webApps/1:549714994349:web:5b5deebdda673ea68b1224/config [none]
[debug] [2023-12-05T00:23:06.861Z] <<< [apiv2][status] GET https://firebase.googleapis.com/v1beta1/projects/-/webApps/1:549714994349:web:5b5deebdda673ea68b1224/config 200
[debug] [2023-12-05T00:23:06.861Z] <<< [apiv2][body] GET https://firebase.googleapis.com/v1beta1/projects/-/webApps/1:549714994349:web:5b5deebdda673ea68b1224/config {"projectId":"roboticstest-3544","appId":"1:549714994349:web:5b5deebdda673ea68b1224","databaseURL":"https://roboticstest-3544-default-rtdb.firebaseio.com","storageBucket":"roboticstest-3544.appspot.com","locationId":"northamerica-northeast1","apiKey":"AIzaSyBSxGMZHfiCS8TF3S5ShGy2LwCZH2-RAKI","authDomain":"roboticstest-3544.firebaseapp.com","messagingSenderId":"549714994349","measurementId":"G-25QKTHQXMT"}
[info] 
   Thank you for trying our experimental support for SvelteKit on Firebase Hosting.
   While this integration is maintained by Googlers it is not a supported Firebase product.
   Issues filed on GitHub will be addressed on a best-effort basis by maintainers and other community members.

   Documentation: https://firebase.google.com/docs/hosting/frameworks/frameworks-overview
   File a bug: https://github.com/firebase/firebase-tools/issues/new?template=bug_report.md
   Submit a feature request: https://github.com/firebase/firebase-tools/issues/new?template=feature_request.md

   We'd love to learn from you. Express your interest in helping us shape the future of Firebase Hosting: https://goo.gle/41enW5X

[debug] [2023-12-05T00:23:22.553Z] [web frameworks] effective firebase.json:  {
  "hosting": [
    {
      "source": ".",
      "ignore": [
        "firebase.json",
        "**/.*",
        "**/node_modules/**"
      ],
      "frameworksBackend": {
        "region": "us-central1"
      },
      "site": "roboticstest-3544",
      "rewrites": [
        {
          "source": "**",
          "function": {
            "functionId": "ssrroboticstest3544",
            "region": "us-central1",
            "pinTag": true
          }
        }
      ],
      "redirects": [],
      "headers": [
        {
          "source": "**/*.[jt]s",
          "headers": [
            {
              "key": "Set-Cookie",
              "value": "__FIREBASE_DEFAULTS__=eyJjb25maWciOnsicHJvamVjdElkIjoicm9ib3RpY3N0ZXN0LTM1NDQiLCJhcHBJZCI6IjE6NTQ5NzE0OTk0MzQ5OndlYjo1YjVkZWViZGRhNjczZWE2OGIxMjI0IiwiZGF0YWJhc2VVUkwiOiJodHRwczovL3JvYm90aWNzdGVzdC0zNTQ0LWRlZmF1bHQtcnRkYi5maXJlYmFzZWlvLmNvbSIsInN0b3JhZ2VCdWNrZXQiOiJyb2JvdGljc3Rlc3QtMzU0NC5hcHBzcG90LmNvbSIsImxvY2F0aW9uSWQiOiJub3J0aGFtZXJpY2Etbm9ydGhlYXN0MSIsImFwaUtleSI6IkFJemFTeUJTeEdNWkhmaUNTOFRGM1M1U2hHeTJMd0NaSDItUkFLSSIsImF1dGhEb21haW4iOiJyb2JvdGljc3Rlc3QtMzU0NC5maXJlYmFzZWFwcC5jb20iLCJtZXNzYWdpbmdTZW5kZXJJZCI6IjU0OTcxNDk5NDM0OSIsIm1lYXN1cmVtZW50SWQiOiJHLTI1UUtUSFFYTVQifSwiX2F1dGhUb2tlblN5bmNVUkwiOiIvX19zZXNzaW9uIn0; SameSite=Strict; Expires=2025-10-29T11:03:22.553Z; Path=/;"
            }
          ]
        }
      ],
      "cleanUrls": true,
      "public": ".firebase\\roboticstest-3544\\hosting",
      "webFramework": "svelekit_ssr"
    }
  ],
  "functions": [
    {
      "source": "functions"
    },
    {
      "source": ".firebase\\roboticstest-3544\\functions",
      "codebase": "firebase-frameworks-roboticstest-3544"
    }
  ]
}
[info] 
[info] === Deploying to 'roboticstest-3544'...
[info] 
[info] i  deploying storage, functions, hosting 
[debug] [2023-12-05T00:23:22.559Z] >>> [apiv2][query] GET https://firebase.googleapis.com/v1beta1/projects/roboticstest-3544 [none]
[debug] [2023-12-05T00:23:22.763Z] <<< [apiv2][status] GET https://firebase.googleapis.com/v1beta1/projects/roboticstest-3544 200
[debug] [2023-12-05T00:23:22.763Z] <<< [apiv2][body] GET https://firebase.googleapis.com/v1beta1/projects/roboticstest-3544 {"projectId":"roboticstest-3544","projectNumber":"549714994349","displayName":"roboticsTest","name":"projects/roboticstest-3544","resources":{"hostingSite":"roboticstest-3544","realtimeDatabaseInstance":"roboticstest-3544-default-rtdb","locationId":"northamerica-northeast1"},"state":"ACTIVE","etag":"1_33af7049-cfe5-409f-a88c-5675f40fb158"}
[debug] [2023-12-05T00:23:22.764Z] Default storage bucket is undefined.
[info] 

There was an issue deploying your functions. Verify that your project has a Google App Engine instance setup at https://console.cloud.google.com/appengine and try again. If this issue persists, please contact support.
[error] 
[error] Error: Your project is being set up. Please wait a minute before deploying again.
